2 8388608
2 33554432
2 67108864
2 134217728
2 268435456
2 16777216
2 50331648
2 100663296
2 201326592
2 402653184
2 8388672
2 33554496
2 67108928
2 134217792
2 268435520
2 16777280
2 50331712
2 100663360
2 201326656
2 402653248
2 1048576
2 2097152
2 4194304
2 5242880
2 7340032
2 9437184
2 11534336
2 13631488
2 15728640
2 17825792
2 335544320
2 268435456
2 201326592
2 134217728
2 67108864
2 83886080
2 100663296
2 117440512
2 134217728
2 150994944
2 536870912
2 520093696
2 503316480
2 486539264
2 469762048
2 452984832
2 436207616
2 419430400
2 402653184
2 385875968
2 8388608
2 268435456
2 67108864
2 536870912
2 134217728
2 402653184
2 201326592
2 100663296
2 33554432
2 16777216
2 1048576
2 2097152
2 3145728
2 4194304
2 5242880
2 6291456
2 7340032
2 8388608
2 9437184
2 10485760
2 671088640
2 654311424
2 637534208
2 620756992
2 603979776
2 587202560
2 570425344
2 553648128
2 536870912
2 520093696
2 285212672
2 301989888
2 318767104
2 335544320
2 352321536
2 369098752
2 385875968
2 402653184
2 419430400
2 436207616
2 8388608
2 536870912
2 268435456
2 134217728
2 402653184
2 201326592
2 67108864
2 33554432
2 16777216
2 50331648
2 117440512
2 184549376
2 251658240
2 318767104
2 385875968
2 452984832
2 520093696
2 587202560
2 654311424
2 721420288
2 8388608
2 536870912
2 268435456
2 134217728
2 402653184
2 201326592
2 67108864
2 33554432
2 16777216
2 50331648
2 524288000
2 532676608
2 541065216
2 549453824
2 557842432
2 566231040
2 574619648
2 583008256
2 591396864
2 599785472
2 8388672
2 33554496
2 67108928
2 134217792
2 268435520
2 16777280
2 50331712
2 100663360
2 201326656
2 402653248
2 1048576
2 2097152
2 4194304
2 5242880
2 7340032
2 9437184
2 11534336
2 13631488
2 15728640
2 17825792
2 335544320
2 268435456
2 201326592
2 134217728
2 67108864
2 83886080
2 100663296
2 117440512
2 134217728
2 150994944
2 536870912
2 520093696
2 503316480
2 486539264
2 469762048
2 452984832
2 436207616
2 419430400
2 402653184
2 385875968
2 8388608
2 268435456
2 67108864
2 536870912
2 134217728
2 402653184
2 201326592
2 100663296
2 33554432
2 16777216
2 1048576
2 2097152
2 3145728
2 4194304
2 5242880
2 6291456
2 7340032
2 8388608
2 9437184
2 10485760
2 671088640
2 654311424
2 637534208
2 620756992
2 603979776
2 587202560
2 570425344
2 553648128
2 536870912
2 520093696
2 285212672
2 301989888
2 318767104
2 335544320
2 352321536
2 369098752
2 385875968
2 402653184
2 419430400
2 436207616
2 8388608
2 536870912
2 268435456
2 134217728
2 402653184
2 201326592
2 67108864
2 33554432
2 16777216
2 50331648
2 117440512
2 184549376
2 251658240
2 318767104
2 385875968
2 452984832
2 520093696
2 587202560
2 654311424
2 721420288