2 0
2 64
2 128
2 192
2 256
2 320
2 384
2 448
2 512
2 576
2 640
2 704
2 768
2 832
2 896
2 960
2 1024
2 1088
2 1152
2 1216
2 1280
2 1344
2 1408
2 1472
2 1536
2 1600
2 1664
2 1728
2 1792
2 1856
2 1920
2 1984
2 2048
2 2112
2 2176
2 2240
2 2304
2 2368
2 2432
2 2496
2 2560
2 2624
2 2688
2 2752
2 2816
2 2880
2 2944
2 3008
2 3072
2 3136
2 3200
2 3264
2 3328
2 3392
2 3456
2 3520
2 3584
2 3648
2 3712
2 3776
2 3840
2 3904
2 3968
2 4032
2 4096
2 4160
2 4224
2 4288
2 4352
2 4416
2 4480
2 4544
2 4608
2 4672
2 4736
2 4800
2 4864
2 4928
2 4992
2 5056
2 5120
2 5184
2 5248
2 5312
2 5376
2 5440
2 5504
2 5568
2 5632
2 5696
2 5760
2 5824
2 5888
2 5952
2 6016
2 6080
2 6144
2 6208
2 6272
2 6336
2 6400
2 6464
2 6528
2 6592
2 6656
2 6720
2 6784
2 6848
2 6912
2 6976
2 7040
2 7104
2 7168
2 7232
2 7296
2 7360
2 7424
2 7488
2 7552
2 7616
2 7680
2 7744
2 7808
2 7872
2 7936
2 8000
2 8064
2 8128
2 8192
2 8256
2 8320
2 8384
2 8448
2 8512
2 8576
2 8640
2 8704
2 8768
2 8832
2 8896
2 8960
2 9024
2 9088
2 9152
2 9216
2 9280
2 9344
2 9408
2 9472
2 9536
2 9600
2 9664
2 9728
2 9792
2 9856
2 9920
2 9984
2 10048
2 10112
2 10176
2 10240
2 10304
2 10368
2 10432
2 10496
2 10560
2 10624
2 10688
2 10752
2 10816
2 10880
2 10944
2 11008
2 11072
2 11136
2 11200
2 11264
2 11328
2 11392
2 11456
2 11520
2 11584
2 11648
2 11712
2 11776
2 11840
2 11904
2 11968
2 12032
2 12096
2 12160
2 12224
2 12288
2 12352
2 12416
2 12480
2 12544
2 12608
2 12672
2 12736
2 12800
2 12864
2 12928
2 12992
2 13056
2 13120
2 13184
2 13248
2 13312
2 13376
2 13440
2 13504
2 13568
2 13632
2 13696
2 13760
2 13824
2 13888
2 13952
2 14016
2 14080
2 14144
2 14208
2 14272
2 14336
2 14400
2 14464
2 14528
2 14592
2 14656
2 14720
2 14784
2 14848
2 14912
2 14976
2 15040
2 15104
2 15168
2 15232
2 15296
2 15360
2 15424
2 15488
2 15552
2 15616
2 15680
2 15744
2 15808
2 15872
2 15936
2 16000
2 16064
2 16128
2 16192
2 16256
2 16320
2 16384